# JRE version: Java(TM) SE Runtime Environment (8.0_111-b14) (build 1.8.0_111-b14)
# Java VM: Java HotSpot(TM) 64-Bit Server VM (25.111-b14 mixed mode bsd-amd64 compressed oops)
Heap:
 PSYoungGen      total 71680K, used 31653K [0x0000000795580000, 0x000000079e180000, 0x00000007c0000000)
  eden space 66560K, 47% used [0x0000000795580000,0x0000000797469690,0x0000000799680000)
  from space 5120K, 0% used [0x0000000799680000,0x0000000799680000,0x0000000799b80000)
  to   space 5120K, 0% used [0x000000079dc80000,0x000000079dc80000,0x000000079e180000)
 ParOldGen       total 57856K, used 12467K [0x0000000740000000, 0x0000000743880000, 0x0000000795580000)
  object space 57856K, 21% used [0x0000000740000000,0x0000000740c2cca0,0x0000000743880000)
 Metaspace       used 21250K, capacity 22176K, committed 22272K, reserved 1069056K
  class space    used 2784K, capacity 3015K, committed 3072K, reserved 1048576K
GC Heap History (8 events):
Event: 1.497 GC heap before
{Heap before GC invocations=1 (full 0):
 PSYoungGen      total 38400K, used 33280K [0x0000000795580000, 0x0000000798000000, 0x00000007c0000000)
  eden space 33280K, 100% used [0x0000000795580000,0x0000000797600000,0x0000000797600000)
  from space 5120K, 0% used [0x0000000797b00000,0x0000000797b00000,0x0000000798000000)
  to   space 5120K, 0% used [0x0000000797600000,0x0000000797600000,0x0000000797b00000)
 ParOldGen       total 87552K, used 0K [0x0000000740000000, 0x0000000745580000, 0x0000000795580000)
  object space 87552K, 0% used [0x0000000740000000,0x0000000740000000,0x0000000745580000)
 Metaspace       used 16073K, capacity 16772K, committed 16896K, reserved 1062912K
  class space    used 2358K, capacity 2522K, committed 2560K, reserved 1048576K
Event: 1.520 GC heap after
Heap after GC invocations=1 (full 0):
 PSYoungGen      total 38400K, used 5096K [0x0000000795580000, 0x000000079a080000, 0x00000007c0000000)
  eden space 33280K, 0% used [0x0000000795580000,0x0000000795580000,0x0000000797600000)
  from space 5120K, 99% used [0x0000000797600000,0x0000000797afa290,0x0000000797b00000)
  to   space 5120K, 0% used [0x0000000799b80000,0x0000000799b80000,0x000000079a080000)
 ParOldGen       total 87552K, used 172K [0x0000000740000000, 0x0000000745580000, 0x0000000795580000)
  object space 87552K, 0% used [0x0000000740000000,0x000000074002b010,0x0000000745580000)
 Metaspace       used 16073K, capacity 16772K, committed 16896K, reserved 1062912K
  class space    used 2358K, capacity 2522K, committed 2560K, reserved 1048576K
}
Event: 4.625 GC heap before
{Heap before GC invocations=2 (full 0):
 PSYoungGen      total 38400K, used 38376K [0x0000000795580000, 0x000000079a080000, 0x00000007c0000000)
  eden space 33280K, 100% used [0x0000000795580000,0x0000000797600000,0x0000000797600000)
  from space 5120K, 99% used [0x0000000797600000,0x0000000797afa290,0x0000000797b00000)
  to   space 5120K, 0% used [0x0000000799b80000,0x0000000799b80000,0x000000079a080000)
 ParOldGen       total 87552K, used 172K [0x0000000740000000, 0x0000000745580000, 0x0000000795580000)
  object space 87552K, 0% used [0x0000000740000000,0x000000074002b010,0x0000000745580000)
 Metaspace       used 20345K, capacity 21156K, committed 21248K, reserved 1067008K
  class space    used 2760K, capacity 2987K, committed 3072K, reserved 1048576K
Event: 4.663 GC heap after
Heap after GC invocations=2 (full 0):
 PSYoungGen      total 71680K, used 5095K [0x0000000795580000, 0x000000079a080000, 0x00000007c0000000)
  eden space 66560K, 0% used [0x0000000795580000,0x0000000795580000,0x0000000799680000)
  from space 5120K, 99% used [0x0000000799b80000,0x000000079a079e50,0x000000079a080000)
  to   space 5120K, 0% used [0x0000000799680000,0x0000000799680000,0x0000000799b80000)
 ParOldGen       total 87552K, used 9604K [0x0000000740000000, 0x0000000745580000, 0x0000000795580000)
  object space 87552K, 10% used [0x0000000740000000,0x0000000740961338,0x0000000745580000)
 Metaspace       used 20345K, capacity 21156K, committed 21248K, reserved 1067008K
  class space    used 2760K, capacity 2987K, committed 3072K, reserved 1048576K
}
Event: 4.667 GC heap before
{Heap before GC invocations=3 (full 0):
 PSYoungGen      total 71680K, used 6202K [0x0000000795580000, 0x000000079a080000, 0x00000007c0000000)
  eden space 66560K, 1% used [0x0000000795580000,0x0000000795694a70,0x0000000799680000)
  from space 5120K, 99% used [0x0000000799b80000,0x000000079a079e50,0x000000079a080000)
  to   space 5120K, 0% used [0x0000000799680000,0x0000000799680000,0x0000000799b80000)
 ParOldGen       total 87552K, used 9604K [0x0000000740000000, 0x0000000745580000, 0x0000000795580000)
  object space 87552K, 10% used [0x0000000740000000,0x0000000740961338,0x0000000745580000)
 Metaspace       used 20348K, capacity 21156K, committed 21248K, reserved 1067008K
  class space    used 2760K, capacity 2987K, committed 3072K, reserved 1048576K
Event: 4.674 GC heap after
Heap after GC invocations=3 (full 0):
 PSYoungGen      total 71680K, used 5088K [0x0000000795580000, 0x000000079e180000, 0x00000007c0000000)
  eden space 66560K, 0% used [0x0000000795580000,0x0000000795580000,0x0000000799680000)
  from space 5120K, 99% used [0x0000000799680000,0x0000000799b78280,0x0000000799b80000)
  to   space 5120K, 0% used [0x000000079dc80000,0x000000079dc80000,0x000000079e180000)
 ParOldGen       total 87552K, used 9692K [0x0000000740000000, 0x0000000745580000, 0x0000000795580000)
  object space 87552K, 11% used [0x0000000740000000,0x0000000740977338,0x0000000745580000)
 Metaspace       used 20348K, capacity 21156K, committed 21248K, reserved 1067008K
  class space    used 2760K, capacity 2987K, committed 3072K, reserved 1048576K
}
Event: 4.674 GC heap before
{Heap before GC invocations=4 (full 1):
 PSYoungGen      total 71680K, used 5088K [0x0000000795580000, 0x000000079e180000, 0x00000007c0000000)
  eden space 66560K, 0% used [0x0000000795580000,0x0000000795580000,0x0000000799680000)
  from space 5120K, 99% used [0x0000000799680000,0x0000000799b78280,0x0000000799b80000)
  to   space 5120K, 0% used [0x000000079dc80000,0x000000079dc80000,0x000000079e180000)
 ParOldGen       total 87552K, used 9692K [0x0000000740000000, 0x0000000745580000, 0x0000000795580000)
  object space 87552K, 11% used [0x0000000740000000,0x0000000740977338,0x0000000745580000)
 Metaspace       used 20348K, capacity 21156K, committed 21248K, reserved 1067008K
  class space    used 2760K, capacity 2987K, committed 3072K, reserved 1048576K
Event: 4.692 GC heap after
Heap after GC invocations=4 (full 1):
 PSYoungGen      total 71680K, used 0K [0x0000000795580000, 0x000000079e180000, 0x00000007c0000000)
  eden space 66560K, 0% used [0x0000000795580000,0x0000000795580000,0x0000000799680000)
  from space 5120K, 0% used [0x0000000799680000,0x0000000799680000,0x0000000799b80000)
  to   space 5120K, 0% used [0x000000079dc80000,0x000000079dc80000,0x000000079e180000)
 ParOldGen       total 57856K, used 12467K [0x0000000740000000, 0x0000000743880000, 0x0000000795580000)
  object space 57856K, 21% used [0x0000000740000000,0x0000000740c2cca0,0x0000000743880000)
 Metaspace       used 20348K, capacity 21156K, committed 21248K, reserved 1067008K
  class space    used 2760K, capacity 2987K, committed 3072K, reserved 1048576K
}

